<?xml version="1.0" encoding="UTF-8"?>
<!-- Generated by org.testng.reporters.JUnitReportReporter -->
<testsuite skipped="0" hostname="LAPTOP-N0G0NBDP" name="instructorScripts.KeyEvents" tests="1" failures="0" timestamp="25 Sep 2020 11:07:56 GMT" time="15.823" errors="0">
  <testcase name="keyEventsTest" time="15.823" classname="instructorScripts.KeyEvents"/>
</testsuite> <!-- instructorScripts.KeyEvents -->
