<?xml version="1.0" encoding="UTF-8"?>
<!-- Generated by org.testng.reporters.JUnitReportReporter -->
<testsuite skipped="0" hostname="LAPTOP-N0G0NBDP" name="instructorScripts.NetworkingScripts" tests="1" failures="0" timestamp="25 Sep 2020 12:12:48 GMT" time="5.646" errors="0">
  <testcase name="ntwrkmangment" time="5.646" classname="instructorScripts.NetworkingScripts"/>
</testsuite> <!-- instructorScripts.NetworkingScripts -->
