<?xml version="1.0" encoding="UTF-8"?>
<!-- Generated by org.testng.reporters.JUnitReportReporter -->
<testsuite skipped="0" hostname="LAPTOP-N0G0NBDP" name="instructorScripts.SetUpCheck" tests="1" failures="0" timestamp="17 Sep 2020 09:34:11 GMT" time="41.342" errors="0">
  <testcase name="configuration" time="41.342" classname="instructorScripts.SetUpCheck"/>
</testsuite> <!-- instructorScripts.SetUpCheck -->
