<?xml version="1.0" encoding="UTF-8"?>
<!-- Generated by org.testng.reporters.JUnitReportReporter -->
<testsuite skipped="0" hostname="LAPTOP-N0G0NBDP" name="instructorScripts.KeyEventsDemo" tests="1" failures="0" timestamp="25 Sep 2020 12:49:25 GMT" time="20.458" errors="0">
  <testcase name="keyeventsCheck" time="20.458" classname="instructorScripts.KeyEventsDemo"/>
</testsuite> <!-- instructorScripts.KeyEventsDemo -->
